0 info it worked if it ends with ok
1 verbose cli [ '/usr/local/bin/node',
1 verbose cli   '/usr/local/bin/npm',
1 verbose cli   'run',
1 verbose cli   'start-test' ]
2 info using npm@3.10.9
3 info using node@v7.1.0
4 verbose run-script [ 'prestart-test', 'start-test', 'poststart-test' ]
5 info lifecycle easyfridge-api@0.0.1~prestart-test: easyfridge-api@0.0.1
6 silly lifecycle easyfridge-api@0.0.1~prestart-test: no script for prestart-test, continuing
7 info lifecycle easyfridge-api@0.0.1~start-test: easyfridge-api@0.0.1
8 verbose lifecycle easyfridge-api@0.0.1~start-test: unsafe-perm in lifecycle true
9 verbose lifecycle easyfridge-api@0.0.1~start-test: PATH: /usr/local/lib/node_modules/npm/bin/node-gyp-bin:/home/florian/workspace/easyfridge-api/node_modules/.bin:/usr/local/sbin:/usr/local/bin:/usr/sbin:/usr/bin:/sbin:/bin:/usr/games:/usr/local/games
10 verbose lifecycle easyfridge-api@0.0.1~start-test: CWD: /home/florian/workspace/easyfridge-api
11 silly lifecycle easyfridge-api@0.0.1~start-test: Args: [ '-c', 'find api -wholename \'*/test/*.js\' | xargs mocha -w' ]
12 silly lifecycle easyfridge-api@0.0.1~start-test: Returned: code: 125  signal: null
13 info lifecycle easyfridge-api@0.0.1~start-test: Failed to exec start-test script
14 verbose stack Error: easyfridge-api@0.0.1 start-test: `find api -wholename '*/test/*.js' | xargs mocha -w`
14 verbose stack Exit status 125
14 verbose stack     at EventEmitter.<anonymous> (/usr/local/lib/node_modules/npm/lib/utils/lifecycle.js:255:16)
14 verbose stack     at emitTwo (events.js:106:13)
14 verbose stack     at EventEmitter.emit (events.js:191:7)
14 verbose stack     at ChildProcess.<anonymous> (/usr/local/lib/node_modules/npm/lib/utils/spawn.js:40:14)
14 verbose stack     at emitTwo (events.js:106:13)
14 verbose stack     at ChildProcess.emit (events.js:191:7)
14 verbose stack     at maybeClose (internal/child_process.js:885:16)
14 verbose stack     at Process.ChildProcess._handle.onexit (internal/child_process.js:226:5)
15 verbose pkgid easyfridge-api@0.0.1
16 verbose cwd /home/florian/workspace/easyfridge-api
17 error Linux 4.4.0-21-generic
18 error argv "/usr/local/bin/node" "/usr/local/bin/npm" "run" "start-test"
19 error node v7.1.0
20 error npm  v3.10.9
21 error code ELIFECYCLE
22 error easyfridge-api@0.0.1 start-test: `find api -wholename '*/test/*.js' | xargs mocha -w`
22 error Exit status 125
23 error Failed at the easyfridge-api@0.0.1 start-test script 'find api -wholename '*/test/*.js' | xargs mocha -w'.
23 error Make sure you have the latest version of node.js and npm installed.
23 error If you do, this is most likely a problem with the easyfridge-api package,
23 error not with npm itself.
23 error Tell the author that this fails on your system:
23 error     find api -wholename '*/test/*.js' | xargs mocha -w
23 error You can get information on how to open an issue for this project with:
23 error     npm bugs easyfridge-api
23 error Or if that isn't available, you can get their info via:
23 error     npm owner ls easyfridge-api
23 error There is likely additional logging output above.
24 verbose exit [ 1, true ]
